[debug] [2025-08-20T06:58:05.810Z] ----------------------------------------------------------------------
[debug] [2025-08-20T06:58:05.812Z] Command:       D:\nodejs\node.exe C:\Users\AXIOO\AppData\Roaming\npm\node_modules\firebase-tools\lib\bin\firebase.js deploy
[debug] [2025-08-20T06:58:05.812Z] CLI Version:   14.12.1
[debug] [2025-08-20T06:58:05.812Z] Platform:      win32
[debug] [2025-08-20T06:58:05.813Z] Node Version:  v20.13.1
[debug] [2025-08-20T06:58:05.813Z] Time:          Wed Aug 20 2025 13:58:05 GMT+0700 (Western Indonesia Time)
[debug] [2025-08-20T06:58:05.813Z] ----------------------------------------------------------------------
[debug] 
[debug] [2025-08-20T06:58:05.962Z] > command requires scopes: ["email","openid","https://www.googleapis.com/auth/cloudplatformprojects.readonly","https://www.googleapis.com/auth/firebase","https://www.googleapis.com/auth/cloud-platform"]
[debug] [2025-08-20T06:58:05.963Z] > authorizing via signed-in user (doni.smpn1@gmail.com)
[debug] [2025-08-20T06:58:05.963Z] [iam] checking project banded-chimera-444811-a5 for permissions ["cloudfunctions.functions.create","cloudfunctions.functions.delete","cloudfunctions.functions.get","cloudfunctions.functions.list","cloudfunctions.functions.update","cloudfunctions.operations.get","datastore.indexes.create","datastore.indexes.delete","datastore.indexes.list","datastore.indexes.update","firebase.projects.get","firebasehosting.sites.update"]
[debug] [2025-08-20T06:58:05.964Z] Checked if tokens are valid: true, expires at: 1755676601170
[debug] [2025-08-20T06:58:05.964Z] Checked if tokens are valid: true, expires at: 1755676601170
[debug] [2025-08-20T06:58:05.965Z] >>> [apiv2][query] POST https://cloudresourcemanager.googleapis.com/v1/projects/banded-chimera-444811-a5:testIamPermissions [none]
[debug] [2025-08-20T06:58:05.965Z] >>> [apiv2][(partial)header] POST https://cloudresourcemanager.googleapis.com/v1/projects/banded-chimera-444811-a5:testIamPermissions x-goog-quota-user=projects/banded-chimera-444811-a5
[debug] [2025-08-20T06:58:05.965Z] >>> [apiv2][body] POST https://cloudresourcemanager.googleapis.com/v1/projects/banded-chimera-444811-a5:testIamPermissions {"permissions":["cloudfunctions.functions.create","cloudfunctions.functions.delete","cloudfunctions.functions.get","cloudfunctions.functions.list","cloudfunctions.functions.update","cloudfunctions.operations.get","datastore.indexes.create","datastore.indexes.delete","datastore.indexes.list","datastore.indexes.update","firebase.projects.get","firebasehosting.sites.update"]}
[debug] [2025-08-20T06:58:06.432Z] <<< [apiv2][status] POST https://cloudresourcemanager.googleapis.com/v1/projects/banded-chimera-444811-a5:testIamPermissions 200
[debug] [2025-08-20T06:58:06.432Z] <<< [apiv2][body] POST https://cloudresourcemanager.googleapis.com/v1/projects/banded-chimera-444811-a5:testIamPermissions {"permissions":["cloudfunctions.functions.create","cloudfunctions.functions.delete","cloudfunctions.functions.get","cloudfunctions.functions.list","cloudfunctions.functions.update","cloudfunctions.operations.get","datastore.indexes.create","datastore.indexes.delete","datastore.indexes.list","datastore.indexes.update","firebase.projects.get","firebasehosting.sites.update"]}
[debug] [2025-08-20T06:58:06.432Z] Checked if tokens are valid: true, expires at: 1755676601170
[debug] [2025-08-20T06:58:06.432Z] Checked if tokens are valid: true, expires at: 1755676601170
[debug] [2025-08-20T06:58:06.432Z] >>> [apiv2][query] POST https://iam.googleapis.com/v1/projects/banded-chimera-444811-a5/serviceAccounts/banded-chimera-444811-a5@appspot.gserviceaccount.com:testIamPermissions [none]
[debug] [2025-08-20T06:58:06.432Z] >>> [apiv2][body] POST https://iam.googleapis.com/v1/projects/banded-chimera-444811-a5/serviceAccounts/banded-chimera-444811-a5@appspot.gserviceaccount.com:testIamPermissions {"permissions":["iam.serviceAccounts.actAs"]}
[debug] [2025-08-20T06:58:07.869Z] <<< [apiv2][status] POST https://iam.googleapis.com/v1/projects/banded-chimera-444811-a5/serviceAccounts/banded-chimera-444811-a5@appspot.gserviceaccount.com:testIamPermissions 200
[debug] [2025-08-20T06:58:07.869Z] <<< [apiv2][body] POST https://iam.googleapis.com/v1/projects/banded-chimera-444811-a5/serviceAccounts/banded-chimera-444811-a5@appspot.gserviceaccount.com:testIamPermissions {"permissions":["iam.serviceAccounts.actAs"]}
[debug] [2025-08-20T06:58:07.870Z] Checked if tokens are valid: true, expires at: 1755676601170
[debug] [2025-08-20T06:58:07.870Z] Checked if tokens are valid: true, expires at: 1755676601170
[debug] [2025-08-20T06:58:07.871Z] >>> [apiv2][query] GET https://firebase.googleapis.com/v1beta1/projects/banded-chimera-444811-a5 [none]
[debug] [2025-08-20T06:58:08.329Z] <<< [apiv2][status] GET https://firebase.googleapis.com/v1beta1/projects/banded-chimera-444811-a5 200
[debug] [2025-08-20T06:58:08.329Z] <<< [apiv2][body] GET https://firebase.googleapis.com/v1beta1/projects/banded-chimera-444811-a5 {"projectId":"banded-chimera-444811-a5","projectNumber":"247993116983","displayName":"Firebase Next Messenger","name":"projects/banded-chimera-444811-a5","resources":{"hostingSite":"banded-chimera-444811-a5"},"state":"ACTIVE","etag":"1_c2f96497-be87-46b3-ba53-421150a76bc7"}
[info] 
[info] === Deploying to 'banded-chimera-444811-a5'...
[info] 
[info] i  deploying firestore, functions, hosting 
[info] i  cloud.firestore: checking firestore.rules for compilation errors... 
[debug] [2025-08-20T06:58:08.333Z] Checked if tokens are valid: true, expires at: 1755676601170
[debug] [2025-08-20T06:58:08.333Z] Checked if tokens are valid: true, expires at: 1755676601170
[debug] [2025-08-20T06:58:08.333Z] >>> [apiv2][query] POST https://firebaserules.googleapis.com/v1/projects/banded-chimera-444811-a5:test [none]
[debug] [2025-08-20T06:58:08.333Z] >>> [apiv2][body] POST https://firebaserules.googleapis.com/v1/projects/banded-chimera-444811-a5:test [omitted]
[debug] [2025-08-20T06:58:09.815Z] <<< [apiv2][status] POST https://firebaserules.googleapis.com/v1/projects/banded-chimera-444811-a5:test 200
[debug] [2025-08-20T06:58:09.815Z] <<< [apiv2][body] POST https://firebaserules.googleapis.com/v1/projects/banded-chimera-444811-a5:test {}
[info] +  cloud.firestore: rules file firestore.rules compiled successfully 
[debug] [2025-08-20T06:58:09.818Z] Checked if tokens are valid: true, expires at: 1755676601170
[debug] [2025-08-20T06:58:09.818Z] Checked if tokens are valid: true, expires at: 1755676601170
[debug] [2025-08-20T06:58:09.819Z] >>> [apiv2][query] GET https://cloudresourcemanager.googleapis.com/v1/projects/banded-chimera-444811-a5 [none]
[debug] [2025-08-20T06:58:10.115Z] <<< [apiv2][status] GET https://cloudresourcemanager.googleapis.com/v1/projects/banded-chimera-444811-a5 200
[debug] [2025-08-20T06:58:10.116Z] <<< [apiv2][body] GET https://cloudresourcemanager.googleapis.com/v1/projects/banded-chimera-444811-a5 {"projectNumber":"247993116983","projectId":"banded-chimera-444811-a5","lifecycleState":"ACTIVE","name":"Firebase Next Messenger","labels":{"firebase":"enabled","firebase-core":"disabled"},"createTime":"2024-12-15T11:10:01.263479Z"}
[info] i  functions: preparing codebase default for deployment 
[info] i  functions: ensuring required API cloudfunctions.googleapis.com is enabled... 
[info] i  functions: ensuring required API cloudbuild.googleapis.com is enabled... 
[info] i  artifactregistry: ensuring required API artifactregistry.googleapis.com is enabled... 
[debug] [2025-08-20T06:58:10.121Z] Checked if tokens are valid: true, expires at: 1755676601170
[debug] [2025-08-20T06:58:10.121Z] Checked if tokens are valid: true, expires at: 1755676601170
[debug] [2025-08-20T06:58:10.122Z] >>> [apiv2][query] GET https://firebase.googleapis.com/v1beta1/projects/banded-chimera-444811-a5/adminSdkConfig [none]
[debug] [2025-08-20T06:58:10.450Z] <<< [apiv2][status] GET https://firebase.googleapis.com/v1beta1/projects/banded-chimera-444811-a5/adminSdkConfig 200
[debug] [2025-08-20T06:58:10.450Z] <<< [apiv2][body] GET https://firebase.googleapis.com/v1beta1/projects/banded-chimera-444811-a5/adminSdkConfig {"projectId":"banded-chimera-444811-a5","storageBucket":"banded-chimera-444811-a5.firebasestorage.app"}
[debug] [2025-08-20T06:58:10.450Z] Checked if tokens are valid: true, expires at: 1755676601170
[debug] [2025-08-20T06:58:10.450Z] Checked if tokens are valid: true, expires at: 1755676601170
[debug] [2025-08-20T06:58:10.451Z] >>> [apiv2][query] GET https://runtimeconfig.googleapis.com/v1beta1/projects/banded-chimera-444811-a5/configs [none]
[debug] [2025-08-20T06:58:10.907Z] <<< [apiv2][status] GET https://runtimeconfig.googleapis.com/v1beta1/projects/banded-chimera-444811-a5/configs 200
[debug] [2025-08-20T06:58:10.907Z] <<< [apiv2][body] GET https://runtimeconfig.googleapis.com/v1beta1/projects/banded-chimera-444811-a5/configs {}
[debug] [2025-08-20T06:58:10.910Z] Validating nodejs source
[debug] [2025-08-20T06:58:11.818Z] > [functions] package.json contents: {
  "name": "functions",
  "description": "Cloud Functions for Firebase",
  "scripts": {
    "serve": "firebase emulators:start --only functions",
    "shell": "firebase functions:shell",
    "start": "npm run shell",
    "deploy": "firebase deploy --only functions",
    "logs": "firebase functions:log"
  },
  "engines": {
    "node": "22"
  },
  "main": "index.js",
  "dependencies": {
    "firebase-admin": "^12.6.0",
    "firebase-functions": "^6.0.1"
  },
  "devDependencies": {
    "firebase-functions-test": "^3.1.0"
  },
  "private": true
}
[debug] [2025-08-20T06:58:11.818Z] Building nodejs source
[info] i  functions: Loading and analyzing source code for codebase default to determine what to deploy 
[debug] [2025-08-20T06:58:11.819Z] Could not find functions.yaml. Must use http discovery
[debug] [2025-08-20T06:58:11.824Z] Found firebase-functions binary at 'D:\Project\nextfirebasemsg\functions\node_modules\.bin\firebase-functions'
[info] Serving at port 8703

[debug] [2025-08-20T06:58:12.255Z] Got response from /__/functions.yaml {"endpoints":{"generateAIResponse":{"availableMemoryMb":null,"timeoutSeconds":null,"minInstances":null,"maxInstances":null,"ingressSettings":null,"concurrency":null,"serviceAccountEmail":null,"vpc":null,"platform":"gcfv2","labels":{},"httpsTrigger":{},"entryPoint":"generateAIResponse"}},"specVersion":"v1alpha1","requiredAPIs":[],"extensions":{}}
[info] i  extensions: ensuring required API firebaseextensions.googleapis.com is enabled... 
[debug] [2025-08-20T06:58:17.290Z] > command requires scopes: ["email","openid","https://www.googleapis.com/auth/cloudplatformprojects.readonly","https://www.googleapis.com/auth/firebase","https://www.googleapis.com/auth/cloud-platform"]
[debug] [2025-08-20T06:58:17.290Z] > authorizing via signed-in user (doni.smpn1@gmail.com)
[debug] [2025-08-20T06:58:17.290Z] [iam] checking project banded-chimera-444811-a5 for permissions ["firebase.projects.get","firebaseextensions.instances.list"]
[debug] [2025-08-20T06:58:17.290Z] Checked if tokens are valid: true, expires at: 1755676601170
[debug] [2025-08-20T06:58:17.290Z] Checked if tokens are valid: true, expires at: 1755676601170
[debug] [2025-08-20T06:58:17.290Z] >>> [apiv2][query] POST https://cloudresourcemanager.googleapis.com/v1/projects/banded-chimera-444811-a5:testIamPermissions [none]
[debug] [2025-08-20T06:58:17.290Z] >>> [apiv2][(partial)header] POST https://cloudresourcemanager.googleapis.com/v1/projects/banded-chimera-444811-a5:testIamPermissions x-goog-quota-user=projects/banded-chimera-444811-a5
[debug] [2025-08-20T06:58:17.290Z] >>> [apiv2][body] POST https://cloudresourcemanager.googleapis.com/v1/projects/banded-chimera-444811-a5:testIamPermissions {"permissions":["firebase.projects.get","firebaseextensions.instances.list"]}
[debug] [2025-08-20T06:58:17.728Z] <<< [apiv2][status] POST https://cloudresourcemanager.googleapis.com/v1/projects/banded-chimera-444811-a5:testIamPermissions 200
[debug] [2025-08-20T06:58:17.728Z] <<< [apiv2][body] POST https://cloudresourcemanager.googleapis.com/v1/projects/banded-chimera-444811-a5:testIamPermissions {"permissions":["firebase.projects.get","firebaseextensions.instances.list"]}
[debug] [2025-08-20T06:58:17.729Z] Checked if tokens are valid: true, expires at: 1755676601170
[debug] [2025-08-20T06:58:17.729Z] Checked if tokens are valid: true, expires at: 1755676601170
[debug] [2025-08-20T06:58:17.730Z] >>> [apiv2][query] GET https://firebaseextensions.googleapis.com/v1beta/projects/banded-chimera-444811-a5/instances pageSize=100&pageToken=
[debug] [2025-08-20T06:58:19.191Z] <<< [apiv2][status] GET https://firebaseextensions.googleapis.com/v1beta/projects/banded-chimera-444811-a5/instances 200
[debug] [2025-08-20T06:58:19.191Z] <<< [apiv2][body] GET https://firebaseextensions.googleapis.com/v1beta/projects/banded-chimera-444811-a5/instances {}
[info] i  functions: preparing functions directory for uploading... 
[info] i  functions: packaged D:\Project\nextfirebasemsg\functions (100.34 KB) for uploading 
[debug] [2025-08-20T06:58:19.269Z] Checked if tokens are valid: true, expires at: 1755676601170
[debug] [2025-08-20T06:58:19.269Z] Checked if tokens are valid: true, expires at: 1755676601170
[debug] [2025-08-20T06:58:19.270Z] >>> [apiv2][query] GET https://cloudfunctions.googleapis.com/v1/projects/banded-chimera-444811-a5/locations/-/functions [none]
[debug] [2025-08-20T06:58:20.217Z] <<< [apiv2][status] GET https://cloudfunctions.googleapis.com/v1/projects/banded-chimera-444811-a5/locations/-/functions 200
[debug] [2025-08-20T06:58:20.218Z] <<< [apiv2][body] GET https://cloudfunctions.googleapis.com/v1/projects/banded-chimera-444811-a5/locations/-/functions {}
[debug] [2025-08-20T06:58:20.218Z] Checked if tokens are valid: true, expires at: 1755676601170
[debug] [2025-08-20T06:58:20.218Z] Checked if tokens are valid: true, expires at: 1755676601170
[debug] [2025-08-20T06:58:20.219Z] >>> [apiv2][query] GET https://cloudfunctions.googleapis.com/v2/projects/banded-chimera-444811-a5/locations/-/functions filter=environment%3D%22GEN_2%22
[debug] [2025-08-20T06:58:21.885Z] <<< [apiv2][status] GET https://cloudfunctions.googleapis.com/v2/projects/banded-chimera-444811-a5/locations/-/functions 200
[debug] [2025-08-20T06:58:21.886Z] <<< [apiv2][body] GET https://cloudfunctions.googleapis.com/v2/projects/banded-chimera-444811-a5/locations/-/functions {"functions":[{"name":"projects/banded-chimera-444811-a5/locations/us-central1/functions/generateAIResponse","buildConfig":{"build":"projects/247993116983/locations/us-central1/builds/57d86634-2c59-4b51-98ba-2063d2208c1c","runtime":"nodejs22","entryPoint":"generateAIResponse","source":{"storageSource":{"bucket":"gcf-v2-sources-247993116983-us-central1","object":"generateAIResponse/function-source.zip","generation":"1755671768480357"}},"environmentVariables":{"GOOGLE_NODE_RUN_SCRIPTS":""},"dockerRepository":"projects/banded-chimera-444811-a5/locations/us-central1/repositories/gcf-artifacts","sourceProvenance":{"resolvedStorageSource":{"bucket":"gcf-v2-sources-247993116983-us-central1","object":"generateAIResponse/function-source.zip","generation":"1755671768480357"}},"dockerRegistry":"ARTIFACT_REGISTRY","serviceAccount":"projects/banded-chimera-444811-a5/serviceAccounts/247993116983-compute@developer.gserviceaccount.com","automaticUpdatePolicy":{}},"serviceConfig":{"service":"projects/banded-chimera-444811-a5/locations/us-central1/services/generateairesponse","timeoutSeconds":60,"environmentVariables":{"FIREBASE_CONFIG":"{\"projectId\":\"banded-chimera-444811-a5\",\"storageBucket\":\"banded-chimera-444811-a5.firebasestorage.app\"}","GCLOUD_PROJECT":"banded-chimera-444811-a5","EVENTARC_CLOUD_EVENT_SOURCE":"projects/banded-chimera-444811-a5/locations/us-central1/services/generateAIResponse","FUNCTION_TARGET":"generateAIResponse","LOG_EXECUTION_ID":"true"},"maxInstanceCount":3,"ingressSettings":"ALLOW_ALL","uri":"https://generateairesponse-v7ysi5jkpa-uc.a.run.app","serviceAccountEmail":"247993116983-compute@developer.gserviceaccount.com","availableMemory":"256Mi","allTrafficOnLatestRevision":true,"revision":"generateairesponse-00003-xan","maxInstanceRequestConcurrency":80,"availableCpu":"1"},"state":"ACTIVE","updateTime":"2025-08-20T06:37:01.147567369Z","labels":{"firebase-functions-hash":"daeb7a7b14e58ab2971fa1c680b331db3319a5d5","deployment-tool":"cli-firebase"},"environment":"GEN_2","url":"https://us-central1-banded-chimera-444811-a5.cloudfunctions.net/generateAIResponse","createTime":"2025-08-20T06:19:38.622429185Z","satisfiesPzi":true}]}
[info] i  functions: ensuring required API run.googleapis.com is enabled... 
[info] i  functions: ensuring required API eventarc.googleapis.com is enabled... 
[info] i  functions: ensuring required API pubsub.googleapis.com is enabled... 
[info] i  functions: ensuring required API storage.googleapis.com is enabled... 
[info] i  functions: generating the service identity for pubsub.googleapis.com... 
[debug] [2025-08-20T06:58:21.899Z] Checked if tokens are valid: true, expires at: 1755676601170
[debug] [2025-08-20T06:58:21.900Z] Checked if tokens are valid: true, expires at: 1755676601170
[info] i  functions: generating the service identity for eventarc.googleapis.com... 
[debug] [2025-08-20T06:58:21.904Z] Checked if tokens are valid: true, expires at: 1755676601170
[debug] [2025-08-20T06:58:21.904Z] Checked if tokens are valid: true, expires at: 1755676601170
[debug] [2025-08-20T06:58:21.904Z] >>> [apiv2][query] POST https://serviceusage.googleapis.com/v1beta1/projects/247993116983/services/pubsub.googleapis.com:generateServiceIdentity [none]
[debug] [2025-08-20T06:58:21.904Z] >>> [apiv2][(partial)header] POST https://serviceusage.googleapis.com/v1beta1/projects/247993116983/services/pubsub.googleapis.com:generateServiceIdentity x-goog-quota-user=projects/247993116983
[debug] [2025-08-20T06:58:21.904Z] >>> [apiv2][body] POST https://serviceusage.googleapis.com/v1beta1/projects/247993116983/services/pubsub.googleapis.com:generateServiceIdentity {}
[debug] [2025-08-20T06:58:21.907Z] >>> [apiv2][query] POST https://serviceusage.googleapis.com/v1beta1/projects/247993116983/services/eventarc.googleapis.com:generateServiceIdentity [none]
[debug] [2025-08-20T06:58:21.907Z] >>> [apiv2][(partial)header] POST https://serviceusage.googleapis.com/v1beta1/projects/247993116983/services/eventarc.googleapis.com:generateServiceIdentity x-goog-quota-user=projects/247993116983
[debug] [2025-08-20T06:58:21.908Z] >>> [apiv2][body] POST https://serviceusage.googleapis.com/v1beta1/projects/247993116983/services/eventarc.googleapis.com:generateServiceIdentity {}
[debug] [2025-08-20T06:58:23.525Z] <<< [apiv2][status] POST https://serviceusage.googleapis.com/v1beta1/projects/247993116983/services/eventarc.googleapis.com:generateServiceIdentity 200
[debug] [2025-08-20T06:58:23.525Z] <<< [apiv2][body] POST https://serviceusage.googleapis.com/v1beta1/projects/247993116983/services/eventarc.googleapis.com:generateServiceIdentity {"name":"operations/finished.DONE_OPERATION","done":true,"response":{"@type":"type.googleapis.com/google.api.serviceusage.v1beta1.ServiceIdentity","email":"service-247993116983@gcp-sa-eventarc.iam.gserviceaccount.com","uniqueId":"116350241194185908377"}}
[debug] [2025-08-20T06:58:23.536Z] <<< [apiv2][status] POST https://serviceusage.googleapis.com/v1beta1/projects/247993116983/services/pubsub.googleapis.com:generateServiceIdentity 200
[debug] [2025-08-20T06:58:23.537Z] <<< [apiv2][body] POST https://serviceusage.googleapis.com/v1beta1/projects/247993116983/services/pubsub.googleapis.com:generateServiceIdentity {"name":"operations/finished.DONE_OPERATION","done":true,"response":{"@type":"type.googleapis.com/google.api.serviceusage.v1beta1.ServiceIdentity","email":"service-247993116983@gcp-sa-pubsub.iam.gserviceaccount.com","uniqueId":"116259759673615784956"}}
[debug] [2025-08-20T06:58:23.540Z] Checked if tokens are valid: true, expires at: 1755676601170
[debug] [2025-08-20T06:58:23.540Z] Checked if tokens are valid: true, expires at: 1755676601170
[debug] [2025-08-20T06:58:23.541Z] >>> [apiv2][query] GET https://cloudresourcemanager.googleapis.com/v1/projects/banded-chimera-444811-a5 [none]
[debug] [2025-08-20T06:58:24.870Z] <<< [apiv2][status] GET https://cloudresourcemanager.googleapis.com/v1/projects/banded-chimera-444811-a5 200
[debug] [2025-08-20T06:58:24.870Z] <<< [apiv2][body] GET https://cloudresourcemanager.googleapis.com/v1/projects/banded-chimera-444811-a5 {"projectNumber":"247993116983","projectId":"banded-chimera-444811-a5","lifecycleState":"ACTIVE","name":"Firebase Next Messenger","labels":{"firebase":"enabled","firebase-core":"disabled"},"createTime":"2024-12-15T11:10:01.263479Z"}
[debug] [2025-08-20T06:58:24.871Z] Checked if tokens are valid: true, expires at: 1755676601170
[debug] [2025-08-20T06:58:24.871Z] Checked if tokens are valid: true, expires at: 1755676601170
[debug] [2025-08-20T06:58:24.871Z] >>> [apiv2][query] GET https://compute.googleapis.com/compute/v1/projects/247993116983 [none]
[debug] [2025-08-20T06:58:25.374Z] <<< [apiv2][status] GET https://compute.googleapis.com/compute/v1/projects/247993116983 403
[debug] [2025-08-20T06:58:25.374Z] <<< [apiv2][body] GET https://compute.googleapis.com/compute/v1/projects/247993116983 {"error":{"code":403,"message":"Compute Engine API has not been used in project 247993116983 before or it is disabled. Enable it by visiting https://console.developers.google.com/apis/api/compute.googleapis.com/overview?project=247993116983 then retry. If you enabled this API recently, wait a few minutes for the action to propagate to our systems and retry.","errors":[{"message":"Compute Engine API has not been used in project 247993116983 before or it is disabled. Enable it by visiting https://console.developers.google.com/apis/api/compute.googleapis.com/overview?project=247993116983 then retry. If you enabled this API recently, wait a few minutes for the action to propagate to our systems and retry.","domain":"usageLimits","reason":"accessNotConfigured","extendedHelp":"https://console.developers.google.com"}],"status":"PERMISSION_DENIED","details":[{"@type":"type.googleapis.com/google.rpc.ErrorInfo","reason":"SERVICE_DISABLED","domain":"googleapis.com","metadata":{"service":"compute.googleapis.com","consumer":"projects/247993116983","activationUrl":"https://console.developers.google.com/apis/api/compute.googleapis.com/overview?project=247993116983","serviceTitle":"Compute Engine API","containerInfo":"247993116983"}},{"@type":"type.googleapis.com/google.rpc.LocalizedMessage","locale":"en-US","message":"Compute Engine API has not been used in project 247993116983 before or it is disabled. Enable it by visiting https://console.developers.google.com/apis/api/compute.googleapis.com/overview?project=247993116983 then retry. If you enabled this API recently, wait a few minutes for the action to propagate to our systems and retry."},{"@type":"type.googleapis.com/google.rpc.Help","links":[{"description":"Google developers console API activation","url":"https://console.developers.google.com/apis/api/compute.googleapis.com/overview?project=247993116983"}]}]}}
[debug] [2025-08-20T06:58:25.374Z] unable to look up default compute service account. Falling back to 247993116983-compute@developer.gserviceaccount.com. Error: {"name":"FirebaseError","children":[],"context":{"body":{"error":{"code":403,"message":"Compute Engine API has not been used in project 247993116983 before or it is disabled. Enable it by visiting https://console.developers.google.com/apis/api/compute.googleapis.com/overview?project=247993116983 then retry. If you enabled this API recently, wait a few minutes for the action to propagate to our systems and retry.","errors":[{"message":"Compute Engine API has not been used in project 247993116983 before or it is disabled. Enable it by visiting https://console.developers.google.com/apis/api/compute.googleapis.com/overview?project=247993116983 then retry. If you enabled this API recently, wait a few minutes for the action to propagate to our systems and retry.","domain":"usageLimits","reason":"accessNotConfigured","extendedHelp":"https://console.developers.google.com"}],"status":"PERMISSION_DENIED","details":[{"@type":"type.googleapis.com/google.rpc.ErrorInfo","reason":"SERVICE_DISABLED","domain":"googleapis.com","metadata":{"service":"compute.googleapis.com","consumer":"projects/247993116983","activationUrl":"https://console.developers.google.com/apis/api/compute.googleapis.com/overview?project=247993116983","serviceTitle":"Compute Engine API","containerInfo":"247993116983"}},{"@type":"type.googleapis.com/google.rpc.LocalizedMessage","locale":"en-US","message":"Compute Engine API has not been used in project 247993116983 before or it is disabled. Enable it by visiting https://console.developers.google.com/apis/api/compute.googleapis.com/overview?project=247993116983 then retry. If you enabled this API recently, wait a few minutes for the action to propagate to our systems and retry."},{"@type":"type.googleapis.com/google.rpc.Help","links":[{"description":"Google developers console API activation","url":"https://console.developers.google.com/apis/api/compute.googleapis.com/overview?project=247993116983"}]}]}},"response":{"statusCode":403}},"exit":1,"message":"Request to https://compute.googleapis.com/compute/v1/projects/247993116983 had HTTP Error: 403, Compute Engine API has not been used in project 247993116983 before or it is disabled. Enable it by visiting https://console.developers.google.com/apis/api/compute.googleapis.com/overview?project=247993116983 then retry. If you enabled this API recently, wait a few minutes for the action to propagate to our systems and retry.","status":403}
[debug] [2025-08-20T06:58:25.377Z] Checked if tokens are valid: true, expires at: 1755676601170
[debug] [2025-08-20T06:58:25.377Z] Checked if tokens are valid: true, expires at: 1755676601170
[debug] [2025-08-20T06:58:25.377Z] >>> [apiv2][query] POST https://firebasehosting.googleapis.com/v1beta1/projects/-/sites/fir-nextm/versions [none]
[debug] [2025-08-20T06:58:25.377Z] >>> [apiv2][body] POST https://firebasehosting.googleapis.com/v1beta1/projects/-/sites/fir-nextm/versions {"status":"CREATED","labels":{"deployment-tool":"cli-firebase"}}
[debug] [2025-08-20T06:58:26.686Z] <<< [apiv2][status] POST https://firebasehosting.googleapis.com/v1beta1/projects/-/sites/fir-nextm/versions 200
[debug] [2025-08-20T06:58:26.687Z] <<< [apiv2][body] POST https://firebasehosting.googleapis.com/v1beta1/projects/-/sites/fir-nextm/versions {"name":"projects/247993116983/sites/fir-nextm/versions/be90e1b50f777553","status":"CREATED","config":{},"labels":{"deployment-tool":"cli-firebase"}}
[debug] [2025-08-20T06:58:26.688Z] Checked if tokens are valid: true, expires at: 1755676601170
[debug] [2025-08-20T06:58:26.688Z] Checked if tokens are valid: true, expires at: 1755676601170
[debug] [2025-08-20T06:58:26.688Z] >>> [apiv2][query] GET https://firestore.googleapis.com/v1/projects/banded-chimera-444811-a5/databases/(default) [none]
[debug] [2025-08-20T06:58:26.960Z] <<< [apiv2][status] GET https://firestore.googleapis.com/v1/projects/banded-chimera-444811-a5/databases/(default) 200
[debug] [2025-08-20T06:58:26.961Z] <<< [apiv2][body] GET https://firestore.googleapis.com/v1/projects/banded-chimera-444811-a5/databases/(default) {"name":"projects/banded-chimera-444811-a5/databases/(default)","uid":"ee82b0bb-1ef9-4115-b899-abffa224300b","createTime":"2025-07-18T10:39:54.196715Z","updateTime":"2025-07-18T10:39:54.196715Z","locationId":"asia-southeast2","type":"FIRESTORE_NATIVE","concurrencyMode":"PESSIMISTIC","versionRetentionPeriod":"3600s","earliestVersionTime":"2025-08-20T05:58:27.579214Z","appEngineIntegrationMode":"DISABLED","keyPrefix":"zet","pointInTimeRecoveryEnablement":"POINT_IN_TIME_RECOVERY_DISABLED","deleteProtectionState":"DELETE_PROTECTION_DISABLED","databaseEdition":"STANDARD","freeTier":true,"etag":"IIP/rP/nmI8DMOj/+5TslI8D"}
[debug] [2025-08-20T06:58:26.963Z] Checked if tokens are valid: true, expires at: 1755676601170
[debug] [2025-08-20T06:58:26.963Z] Checked if tokens are valid: true, expires at: 1755676601170
[debug] [2025-08-20T06:58:26.963Z] >>> [apiv2][query] GET https://firebaserules.googleapis.com/v1/projects/banded-chimera-444811-a5/releases pageSize=10&pageToken=
